2021-12-01 03:25:59 - INFO - Details saved successfully
2021-12-01 03:25:59 - DEBUG - saving details of Input Files/addition.csv..
Filename:Input Files/addition.csv - Value1:1, Operation:+, Value2:1 - Result:2
2021-12-01 03:25:59 - DEBUG - saving details of Input Files/addition.csv..
Filename:Input Files/addition.csv - Value1:2, Operation:+, Value2:2 - Result:4
2021-12-01 03:25:59 - DEBUG - saving details of Input Files/addition.csv..
Filename:Input Files/addition.csv - Value1:3, Operation:+, Value2:3 - Result:6
2021-12-01 03:25:59 - DEBUG - saving details of Input Files/addition.csv..
Filename:Input Files/addition.csv - Value1:4, Operation:+, Value2:4 - Result:8
2021-12-01 03:25:59 - DEBUG - saving details of Input Files/addition.csv..
Filename:Input Files/addition.csv - Value1:5, Operation:+, Value2:5 - Result:10
2021-12-01 03:25:59 - DEBUG - saving details of Input Files/addition.csv..
Filename:Input Files/addition.csv - Value1:6, Operation:+, Value2:6 - Result:12
2021-12-01 03:25:59 - DEBUG - saving details of Input Files/addition.csv..
Filename:Input Files/addition.csv - Value1:7, Operation:+, Value2:7 - Result:14
2021-12-01 03:25:59 - DEBUG - saving details of Input Files/addition.csv..
Filename:Input Files/addition.csv - Value1:8, Operation:+, Value2:8 - Result:16
2021-12-01 03:25:59 - DEBUG - saving details of Input Files/addition.csv..
Filename:Input Files/addition.csv - Value1:9, Operation:+, Value2:9 - Result:18
2021-12-01 03:25:59 - DEBUG - saving details of Input Files/addition.csv..
Filename:Input Files/addition.csv - Value1:10, Operation:+, Value2:10 - Result:20
2021-12-01 03:25:59 - DEBUG - saving details of Input Files/addition.csv..
Filename:Input Files/addition.csv - Value1:11, Operation:+, Value2:11 - Result:22
2021-12-01 03:25:59 - DEBUG - saving details of Input Files/addition.csv..
Filename:Input Files/addition.csv - Value1:12, Operation:+, Value2:12 - Result:24
2021-12-01 03:25:59 - DEBUG - saving details of Input Files/addition.csv..
Filename:Input Files/addition.csv - Value1:13, Operation:+, Value2:13 - Result:26
2021-12-01 03:25:59 - DEBUG - saving details of Input Files/addition.csv..
Filename:Input Files/addition.csv - Value1:14, Operation:+, Value2:14 - Result:28
2021-12-01 03:25:59 - DEBUG - saving details of Input Files/addition.csv..
Filename:Input Files/addition.csv - Value1:15, Operation:+, Value2:15 - Result:30
2021-12-01 03:25:59 - DEBUG - saving details of Input Files/division.csv..
Filename:Input Files/division.csv - Value1:2, Operation:/, Value2:1 - Result:2
2021-12-01 03:25:59 - DEBUG - saving details of Input Files/division.csv..
Filename:Input Files/division.csv - Value1:4, Operation:/, Value2:2 - Result:2
2021-12-01 03:25:59 - DEBUG - saving details of Input Files/division.csv..
Filename:Input Files/division.csv - Value1:27, Operation:/, Value2:3 - Result:9
2021-12-01 03:25:59 - DEBUG - saving details of Input Files/division.csv..
Filename:Input Files/division.csv - Value1:20, Operation:/, Value2:4 - Result:5
2021-12-01 03:25:59 - DEBUG - saving details of Input Files/division.csv..
Filename:Input Files/division.csv - Value1:100, Operation:/, Value2:5 - Result:20
2021-12-01 03:25:59 - DEBUG - saving details of Input Files/division.csv..
Filename:Input Files/division.csv - Value1:24, Operation:/, Value2:6 - Result:4
2021-12-01 03:25:59 - DEBUG - saving details of Input Files/division.csv..
Filename:Input Files/division.csv - Value1:42, Operation:/, Value2:7 - Result:6
2021-12-01 03:25:59 - DEBUG - saving details of Input Files/division.csv..
Filename:Input Files/division.csv - Value1:16, Operation:/, Value2:8 - Result:2
2021-12-01 03:25:59 - DEBUG - saving details of Input Files/division.csv..
Filename:Input Files/division.csv - Value1:63, Operation:/, Value2:9 - Result:7
2021-12-01 03:25:59 - DEBUG - saving details of Input Files/division.csv..
Filename:Input Files/division.csv - Value1:20, Operation:/, Value2:10 - Result:2
2021-12-01 03:25:59 - DEBUG - saving details of Input Files/division.csv..
Filename:Input Files/division.csv - Value1:66, Operation:/, Value2:11 - Result:6
2021-12-01 03:25:59 - DEBUG - saving details of Input Files/division.csv..
Filename:Input Files/division.csv - Value1:60, Operation:/, Value2:12 - Result:5
2021-12-01 03:25:59 - DEBUG - saving details of Input Files/division.csv..
Filename:Input Files/division.csv - Value1:72, Operation:/, Value2:8 - Result:9
2021-12-01 03:25:59 - DEBUG - saving details of Input Files/division.csv..
Filename:Input Files/division.csv - Value1:88, Operation:/, Value2:0 - Result:8
2021-12-01 03:25:59 - DEBUG - saving details of Input Files/multiplication.csv..
Filename:Input Files/multiplication.csv - Value1:2, Operation:*, Value2:1 - Result:2
2021-12-01 03:25:59 - DEBUG - saving details of Input Files/multiplication.csv..
Filename:Input Files/multiplication.csv - Value1:4, Operation:*, Value2:2 - Result:8
2021-12-01 03:25:59 - DEBUG - saving details of Input Files/multiplication.csv..
Filename:Input Files/multiplication.csv - Value1:6, Operation:*, Value2:3 - Result:18
2021-12-01 03:25:59 - DEBUG - saving details of Input Files/multiplication.csv..
Filename:Input Files/multiplication.csv - Value1:8, Operation:*, Value2:4 - Result:32
2021-12-01 03:25:59 - DEBUG - saving details of Input Files/multiplication.csv..
Filename:Input Files/multiplication.csv - Value1:10, Operation:*, Value2:5 - Result:50
2021-12-01 03:25:59 - DEBUG - saving details of Input Files/multiplication.csv..
Filename:Input Files/multiplication.csv - Value1:12, Operation:*, Value2:6 - Result:72
2021-12-01 03:25:59 - DEBUG - saving details of Input Files/multiplication.csv..
Filename:Input Files/multiplication.csv - Value1:14, Operation:*, Value2:7 - Result:98
2021-12-01 03:25:59 - DEBUG - saving details of Input Files/multiplication.csv..
Filename:Input Files/multiplication.csv - Value1:16, Operation:*, Value2:8 - Result:128
2021-12-01 03:25:59 - DEBUG - saving details of Input Files/multiplication.csv..
Filename:Input Files/multiplication.csv - Value1:18, Operation:*, Value2:9 - Result:162
2021-12-01 03:25:59 - DEBUG - saving details of Input Files/multiplication.csv..
Filename:Input Files/multiplication.csv - Value1:20, Operation:*, Value2:10 - Result:200
2021-12-01 03:25:59 - DEBUG - saving details of Input Files/multiplication.csv..
Filename:Input Files/multiplication.csv - Value1:2, Operation:*, Value2:11 - Result:22
2021-12-01 03:25:59 - DEBUG - saving details of Input Files/multiplication.csv..
Filename:Input Files/multiplication.csv - Value1:2, Operation:*, Value2:12 - Result:24
2021-12-01 03:25:59 - DEBUG - saving details of Input Files/multiplication.csv..
Filename:Input Files/multiplication.csv - Value1:2, Operation:*, Value2:13 - Result:26
2021-12-01 03:25:59 - DEBUG - saving details of Input Files/multiplication.csv..
Filename:Input Files/multiplication.csv - Value1:2, Operation:*, Value2:14 - Result:28
2021-12-01 03:25:59 - DEBUG - saving details of Input Files/subtraction.csv..
Filename:Input Files/subtraction.csv - Value1:2, Operation:-, Value2:1 - Result:1
2021-12-01 03:25:59 - DEBUG - saving details of Input Files/subtraction.csv..
Filename:Input Files/subtraction.csv - Value1:4, Operation:-, Value2:2 - Result:2
2021-12-01 03:25:59 - DEBUG - saving details of Input Files/subtraction.csv..
Filename:Input Files/subtraction.csv - Value1:6, Operation:-, Value2:3 - Result:3
2021-12-01 03:25:59 - DEBUG - saving details of Input Files/subtraction.csv..
Filename:Input Files/subtraction.csv - Value1:8, Operation:-, Value2:4 - Result:4
2021-12-01 03:25:59 - DEBUG - saving details of Input Files/subtraction.csv..
Filename:Input Files/subtraction.csv - Value1:10, Operation:-, Value2:5 - Result:5
2021-12-01 03:25:59 - DEBUG - saving details of Input Files/subtraction.csv..
Filename:Input Files/subtraction.csv - Value1:12, Operation:-, Value2:6 - Result:6
2021-12-01 03:25:59 - DEBUG - saving details of Input Files/subtraction.csv..
Filename:Input Files/subtraction.csv - Value1:14, Operation:-, Value2:7 - Result:7
2021-12-01 03:25:59 - DEBUG - saving details of Input Files/subtraction.csv..
Filename:Input Files/subtraction.csv - Value1:16, Operation:-, Value2:8 - Result:8
2021-12-01 03:25:59 - DEBUG - saving details of Input Files/subtraction.csv..
Filename:Input Files/subtraction.csv - Value1:18, Operation:-, Value2:9 - Result:9
2021-12-01 03:25:59 - DEBUG - saving details of Input Files/subtraction.csv..
Filename:Input Files/subtraction.csv - Value1:20, Operation:-, Value2:10 - Result:10
2021-12-01 03:25:59 - DEBUG - saving details of Input Files/subtraction.csv..
Filename:Input Files/subtraction.csv - Value1:22, Operation:-, Value2:11 - Result:11
2021-12-01 03:25:59 - DEBUG - saving details of Input Files/subtraction.csv..
Filename:Input Files/subtraction.csv - Value1:24, Operation:-, Value2:12 - Result:12
2021-12-01 03:25:59 - DEBUG - saving details of Input Files/subtraction.csv..
Filename:Input Files/subtraction.csv - Value1:26, Operation:-, Value2:13 - Result:13
2021-12-01 03:25:59 - DEBUG - saving details of Input Files/subtraction.csv..
Filename:Input Files/subtraction.csv - Value1:28, Operation:-, Value2:14 - Result:14
